2024-03-12 13:24:11,100 DEBUG    root            Loaded Command Group: ['gcloud', 'components']
2024-03-12 13:24:11,103 DEBUG    root            Loaded Command Group: ['gcloud', 'components', 'update']
2024-03-12 13:24:11,105 DEBUG    root            Running [gcloud.components.update] with arguments: [--quiet: "True", COMPONENT-IDS:8: "['gcloud', 'core', 'bq', 'gsutil', 'compute', 'preview', 'alpha', 'beta']"]
2024-03-12 13:24:11,106 INFO     ___FILE_ONLY___ Beginning update. This process may take several minutes.

2024-03-12 13:24:11,112 DEBUG    urllib3.connectionpool Starting new HTTPS connection (1): dl.google.com:443
2024-03-12 13:24:11,242 DEBUG    urllib3.connectionpool https://dl.google.com:443 "GET /dl/cloudsdk/channels/rapid/components-2.json HTTP/1.1" 200 214446
2024-03-12 13:24:11,261 WARNING  root            Component [compute] no longer exists.
2024-03-12 13:24:11,261 WARNING  root            Component [preview] no longer exists.
2024-03-12 13:24:11,262 INFO     ___FILE_ONLY___ 

2024-03-12 13:24:11,263 INFO     ___FILE_ONLY___ 
Your current Google Cloud CLI version is: 468.0.0

2024-03-12 13:24:11,263 INFO     ___FILE_ONLY___ Installing components from version: 468.0.0

2024-03-12 13:24:11,263 INFO     ___FILE_ONLY___ 

2024-03-12 13:24:11,263 DEBUG    root            Chosen display Format:table[box,title="These components will be removed."](details.display_name:label=Name:align=left,version.version_string:label=Version:align=right,data.size.size(zero="",min=1048576):label=Size:align=right)
2024-03-12 13:24:11,264 DEBUG    root            Chosen display Format:table[box,title="These components will be updated."](details.display_name:label=Name:align=left,version.version_string:label=Version:align=right,data.size.size(zero="",min=1048576):label=Size:align=right)
2024-03-12 13:24:11,264 DEBUG    root            Chosen display Format:table[box,title="These components will be installed."](details.display_name:label=Name:align=left,version.version_string:label=Version:align=right,data.size.size(zero="",min=1048576):label=Size:align=right)
2024-03-12 13:24:11,266 INFO     ___FILE_ONLY___ ┌──────────────────────────────────────────────┐
2024-03-12 13:24:11,266 INFO     ___FILE_ONLY___ 

2024-03-12 13:24:11,266 INFO     ___FILE_ONLY___ │     These components will be installed.      │
2024-03-12 13:24:11,266 INFO     ___FILE_ONLY___ 

2024-03-12 13:24:11,266 INFO     ___FILE_ONLY___ ├───────────────────────┬────────────┬─────────┤
2024-03-12 13:24:11,266 INFO     ___FILE_ONLY___ 

2024-03-12 13:24:11,266 INFO     ___FILE_ONLY___ │          Name         │  Version   │   Size  │
2024-03-12 13:24:11,266 INFO     ___FILE_ONLY___ 

2024-03-12 13:24:11,266 INFO     ___FILE_ONLY___ ├───────────────────────┼────────────┼─────────┤
2024-03-12 13:24:11,267 INFO     ___FILE_ONLY___ 

2024-03-12 13:24:11,267 INFO     ___FILE_ONLY___ │ 
2024-03-12 13:24:11,267 INFO     ___FILE_ONLY___ gcloud Alpha Commands
2024-03-12 13:24:11,267 INFO     ___FILE_ONLY___  
2024-03-12 13:24:11,267 INFO     ___FILE_ONLY___ │ 
2024-03-12 13:24:11,267 INFO     ___FILE_ONLY___ 2024.03.08
2024-03-12 13:24:11,267 INFO     ___FILE_ONLY___  
2024-03-12 13:24:11,267 INFO     ___FILE_ONLY___ │ 
2024-03-12 13:24:11,267 INFO     ___FILE_ONLY___ < 1 MiB
2024-03-12 13:24:11,267 INFO     ___FILE_ONLY___  
2024-03-12 13:24:11,267 INFO     ___FILE_ONLY___ │
2024-03-12 13:24:11,267 INFO     ___FILE_ONLY___ 

2024-03-12 13:24:11,267 INFO     ___FILE_ONLY___ │ 
2024-03-12 13:24:11,267 INFO     ___FILE_ONLY___ gcloud Beta Commands 
2024-03-12 13:24:11,267 INFO     ___FILE_ONLY___  
2024-03-12 13:24:11,268 INFO     ___FILE_ONLY___ │ 
2024-03-12 13:24:11,268 INFO     ___FILE_ONLY___ 2024.03.08
2024-03-12 13:24:11,268 INFO     ___FILE_ONLY___  
2024-03-12 13:24:11,268 INFO     ___FILE_ONLY___ │ 
2024-03-12 13:24:11,268 INFO     ___FILE_ONLY___ < 1 MiB
2024-03-12 13:24:11,268 INFO     ___FILE_ONLY___  
2024-03-12 13:24:11,268 INFO     ___FILE_ONLY___ │
2024-03-12 13:24:11,268 INFO     ___FILE_ONLY___ 

2024-03-12 13:24:11,268 INFO     ___FILE_ONLY___ └───────────────────────┴────────────┴─────────┘
2024-03-12 13:24:11,268 INFO     ___FILE_ONLY___ 

2024-03-12 13:24:11,268 INFO     ___FILE_ONLY___ 

2024-03-12 13:24:11,272 DEBUG    urllib3.connectionpool Starting new HTTPS connection (1): dl.google.com:443
2024-03-12 13:24:11,407 DEBUG    urllib3.connectionpool https://dl.google.com:443 "GET /dl/cloudsdk/channels/rapid/RELEASE_NOTES HTTP/1.1" 200 1169079
2024-03-12 13:24:11,439 INFO     ___FILE_ONLY___ For the latest full release notes, please visit:
  https://cloud.google.com/sdk/release_notes


2024-03-12 13:24:11,442 INFO     ___FILE_ONLY___ ╔════════════════════════════════════════════════════════════╗

2024-03-12 13:24:11,442 INFO     ___FILE_ONLY___ ╠═ Creating update staging area                             ═╣

2024-03-12 13:24:11,442 INFO     ___FILE_ONLY___ ╚
2024-03-12 13:24:11,442 INFO     ___FILE_ONLY___ ══════
2024-03-12 13:24:12,076 INFO     ___FILE_ONLY___ ══════
2024-03-12 13:24:12,077 INFO     ___FILE_ONLY___ ══════
2024-03-12 13:24:12,722 INFO     ___FILE_ONLY___ ═
2024-03-12 13:24:12,759 INFO     ___FILE_ONLY___ ═
2024-03-12 13:24:12,811 INFO     ___FILE_ONLY___ ═
2024-03-12 13:24:12,848 INFO     ___FILE_ONLY___ ═
2024-03-12 13:24:12,888 INFO     ___FILE_ONLY___ ═
2024-03-12 13:24:12,926 INFO     ___FILE_ONLY___ ═
2024-03-12 13:24:12,974 INFO     ___FILE_ONLY___ ═
2024-03-12 13:24:13,025 INFO     ___FILE_ONLY___ ═
2024-03-12 13:24:13,189 INFO     ___FILE_ONLY___ ═
2024-03-12 13:24:13,271 INFO     ___FILE_ONLY___ ═
2024-03-12 13:24:13,424 INFO     ___FILE_ONLY___ ═
2024-03-12 13:24:13,488 INFO     ___FILE_ONLY___ ═
2024-03-12 13:24:13,569 INFO     ___FILE_ONLY___ ═
2024-03-12 13:24:13,661 INFO     ___FILE_ONLY___ ═
2024-03-12 13:24:13,749 INFO     ___FILE_ONLY___ ═
2024-03-12 13:24:13,810 INFO     ___FILE_ONLY___ ═
2024-03-12 13:24:13,919 INFO     ___FILE_ONLY___ ═
2024-03-12 13:24:13,981 INFO     ___FILE_ONLY___ ═
2024-03-12 13:24:14,061 INFO     ___FILE_ONLY___ ═
2024-03-12 13:24:14,112 INFO     ___FILE_ONLY___ ═
2024-03-12 13:24:14,178 INFO     ___FILE_ONLY___ ═
2024-03-12 13:24:14,269 INFO     ___FILE_ONLY___ ═
2024-03-12 13:24:14,330 INFO     ___FILE_ONLY___ ═
2024-03-12 13:24:14,381 INFO     ___FILE_ONLY___ ═
2024-03-12 13:24:14,439 INFO     ___FILE_ONLY___ ═
2024-03-12 13:24:14,508 INFO     ___FILE_ONLY___ ═
2024-03-12 13:24:14,645 INFO     ___FILE_ONLY___ ═
2024-03-12 13:24:14,695 INFO     ___FILE_ONLY___ ═
2024-03-12 13:24:14,752 INFO     ___FILE_ONLY___ ═
2024-03-12 13:24:14,828 INFO     ___FILE_ONLY___ ═
2024-03-12 13:24:14,884 INFO     ___FILE_ONLY___ ═
2024-03-12 13:24:14,938 INFO     ___FILE_ONLY___ ═
2024-03-12 13:24:14,999 INFO     ___FILE_ONLY___ ═
2024-03-12 13:24:15,056 INFO     ___FILE_ONLY___ ═
2024-03-12 13:24:15,110 INFO     ___FILE_ONLY___ ═
2024-03-12 13:24:15,164 INFO     ___FILE_ONLY___ ═
2024-03-12 13:24:15,223 INFO     ___FILE_ONLY___ ═
2024-03-12 13:24:15,273 INFO     ___FILE_ONLY___ ═
2024-03-12 13:24:15,416 INFO     ___FILE_ONLY___ ═
2024-03-12 13:24:15,476 INFO     ___FILE_ONLY___ ═
2024-03-12 13:24:15,543 INFO     ___FILE_ONLY___ ═
2024-03-12 13:24:15,616 INFO     ___FILE_ONLY___ ═
2024-03-12 13:24:15,616 INFO     ___FILE_ONLY___ ╝

2024-03-12 13:24:18,414 INFO     ___FILE_ONLY___ ╔════════════════════════════════════════════════════════════╗

2024-03-12 13:24:18,415 INFO     ___FILE_ONLY___ ╠═ Installing: gcloud Alpha Commands                        ═╣

2024-03-12 13:24:18,415 INFO     ___FILE_ONLY___ ╚
2024-03-12 13:24:18,418 DEBUG    urllib3.connectionpool Starting new HTTPS connection (1): dl.google.com:443
2024-03-12 13:24:18,573 DEBUG    urllib3.connectionpool https://dl.google.com:443 "GET /dl/cloudsdk/channels/rapid/components/google-cloud-sdk-alpha-20240308155052.tar.gz HTTP/1.1" 200 800
2024-03-12 13:24:18,574 INFO     ___FILE_ONLY___ ══════════════════════════════
2024-03-12 13:24:18,575 INFO     ___FILE_ONLY___ ══════════════════════════════
2024-03-12 13:24:18,575 INFO     ___FILE_ONLY___ ╝

2024-03-12 13:24:18,583 INFO     ___FILE_ONLY___ ╔════════════════════════════════════════════════════════════╗

2024-03-12 13:24:18,583 INFO     ___FILE_ONLY___ ╠═ Installing: gcloud Beta Commands                         ═╣

2024-03-12 13:24:18,583 INFO     ___FILE_ONLY___ ╚
2024-03-12 13:24:18,587 DEBUG    urllib3.connectionpool Starting new HTTPS connection (1): dl.google.com:443
2024-03-12 13:24:18,744 DEBUG    urllib3.connectionpool https://dl.google.com:443 "GET /dl/cloudsdk/channels/rapid/components/google-cloud-sdk-beta-20240308155052.tar.gz HTTP/1.1" 200 797
2024-03-12 13:24:18,745 INFO     ___FILE_ONLY___ ══════════════════════════════
2024-03-12 13:24:18,746 INFO     ___FILE_ONLY___ ══════════════════════════════
2024-03-12 13:24:18,746 INFO     ___FILE_ONLY___ ╝

2024-03-12 13:24:18,754 INFO     ___FILE_ONLY___ ╔════════════════════════════════════════════════════════════╗

2024-03-12 13:24:18,754 INFO     ___FILE_ONLY___ ╠═ Creating backup and activating new installation          ═╣

2024-03-12 13:24:18,754 INFO     ___FILE_ONLY___ ╚
2024-03-12 13:24:18,754 DEBUG    root            Attempting to move directory [/tools/google-cloud-sdk] to [/tools/google-cloud-sdk.staging/.install/.backup]
2024-03-12 13:24:18,754 INFO     ___FILE_ONLY___ ══════════════════════════════
2024-03-12 13:24:18,754 DEBUG    root            Attempting to move directory [/tools/google-cloud-sdk.staging] to [/tools/google-cloud-sdk]
2024-03-12 13:24:18,755 INFO     ___FILE_ONLY___ ══════════════════════════════
2024-03-12 13:24:18,755 INFO     ___FILE_ONLY___ ╝

2024-03-12 13:24:18,758 DEBUG    root            Updating notification cache...
2024-03-12 13:24:18,759 INFO     ___FILE_ONLY___ 

2024-03-12 13:24:18,761 INFO     ___FILE_ONLY___ Performing post processing steps...
2024-03-12 13:24:18,761 DEBUG    root            Executing command: ['/tools/google-cloud-sdk/bin/gcloud', 'components', 'post-process']
2024-03-12 13:24:28,822 DEBUG    ___FILE_ONLY___ 
2024-03-12 13:24:28,822 DEBUG    ___FILE_ONLY___ 
2024-03-12 13:24:29,026 INFO     ___FILE_ONLY___ 
Update done!


2024-03-12 13:24:29,029 DEBUG    root            Chosen display Format:none
2024-03-12 13:24:29,029 INFO     root            Display format: "none"
